<?xml version="1.0" encoding="UTF-8" ?>
<testsuite tests="35" failures="0" name="com.softserveinc.edu.oms.persistence.dao.UserDaoTest" time="5.552" errors="0" skipped="0">
  <properties>
[...]
</properties>
  <testcase classname="com.softserveinc.edu.oms.persistence.dao.UserDaoTest" name="testFindById" time="0.34"/>
  <testcase classname="com.softserveinc.edu.oms.persistence.dao.UserDaoTest" name="testFindAllFromEmptyDb" time="0.124"/>
  <testcase classname="com.softserveinc.edu.oms.persistence.dao.UserDaoTest" name="testFindAllFromEmptyDbVol2" time="0.141"/>
  <testcase classname="com.softserveinc.edu.oms.persistence.dao.UserDaoTest" name="testInsertIntoEmptyDbAndFindAllAfterThat" time="0.2"/>
  <testcase classname="com.softserveinc.edu.oms.persistence.dao.UserDaoTest" name="testFindAllFromWithPaging" time="0.133"/>
  <testcase classname="com.softserveinc.edu.oms.persistence.dao.UserDaoTest" name="testUpdateUser" time="0.142"/>
  <testcase classname="com.softserveinc.edu.oms.persistence.dao.UserDaoTest" name="testDeleteUser" time="0.139"/>
  <testcase classname="com.softserveinc.edu.oms.persistence.dao.UserDaoTest" name="testFindByRoleNameEqualName" time="0.166"/>
  <testcase classname="com.softserveinc.edu.oms.persistence.dao.UserDaoTest" name="testFindByRoleNameNotEqualName" time="0.166"/>
  <testcase classname="com.softserveinc.edu.oms.persistence.dao.UserDaoTest" name="testFindByRoleNameStartsWith" time="0.15"/>
  <testcase classname="com.softserveinc.edu.oms.persistence.dao.UserDaoTest" name="testFindByRoleNameDoesNotContain" time="0.184"/>
  <testcase classname="com.softserveinc.edu.oms.persistence.dao.UserDaoTest" name="testFindByRoleNameContains" time="0.158"/>
  <testcase classname="com.softserveinc.edu.oms.persistence.dao.UserDaoTest" name="testFindByLoginEqual" time="0.15"/>
  <testcase classname="com.softserveinc.edu.oms.persistence.dao.UserDaoTest" name="testFindByLoginNotEqual" time="0.167"/>
  <testcase classname="com.softserveinc.edu.oms.persistence.dao.UserDaoTest" name="testFindByLoginStartsWith" time="0.158"/>
  <testcase classname="com.softserveinc.edu.oms.persistence.dao.UserDaoTest" name="testFindByLoginContains" time="0.149"/>
  <testcase classname="com.softserveinc.edu.oms.persistence.dao.UserDaoTest" name="testFindByLoginDoesNotContain" time="0.154"/>
  <testcase classname="com.softserveinc.edu.oms.persistence.dao.UserDaoTest" name="testFindByFirstNameEqual" time="0.128"/>
  <testcase classname="com.softserveinc.edu.oms.persistence.dao.UserDaoTest" name="testFindByFirstNameNotEqual" time="0.165"/>
  <testcase classname="com.softserveinc.edu.oms.persistence.dao.UserDaoTest" name="testFindByFirstNameStartsWith" time="0.165"/>
  <testcase classname="com.softserveinc.edu.oms.persistence.dao.UserDaoTest" name="testGetRowCount" time="0.126"/>
  <testcase classname="com.softserveinc.edu.oms.persistence.dao.UserDaoTest" name="testFindByFirstNameContains" time="0.158"/>
  <testcase classname="com.softserveinc.edu.oms.persistence.dao.UserDaoTest" name="testFindByFirstNameDoesNotContain" time="0.15"/>
  <testcase classname="com.softserveinc.edu.oms.persistence.dao.UserDaoTest" name="testFindByLastNameEqual" time="0.132"/>
  <testcase classname="com.softserveinc.edu.oms.persistence.dao.UserDaoTest" name="testFindByLastNameNotEqual" time="0.159"/>
  <testcase classname="com.softserveinc.edu.oms.persistence.dao.UserDaoTest" name="testFindByLastNameStartsWith" time="0.135"/>
  <testcase classname="com.softserveinc.edu.oms.persistence.dao.UserDaoTest" name="testFindByLastNameContains" time="0.14"/>
  <testcase classname="com.softserveinc.edu.oms.persistence.dao.UserDaoTest" name="testFindByLastNameDoesNotContain" time="0.166"/>
  <testcase classname="com.softserveinc.edu.oms.persistence.dao.UserDaoTest" name="testFindByAllEqual" time="0.166"/>
  <testcase classname="com.softserveinc.edu.oms.persistence.dao.UserDaoTest" name="testFindByAllNotEqual" time="0.175"/>
  <testcase classname="com.softserveinc.edu.oms.persistence.dao.UserDaoTest" name="testFindByAllStartsWith" time="0.167"/>
  <testcase classname="com.softserveinc.edu.oms.persistence.dao.UserDaoTest" name="testFindByAllContains" time="0.15"/>
  <testcase classname="com.softserveinc.edu.oms.persistence.dao.UserDaoTest" name="testFindByAllDoesNotContain" time="0.174"/>
  <testcase classname="com.softserveinc.edu.oms.persistence.dao.UserDaoTest" name="testCountUserBySearchValue" time="0.158"/>
  <testcase classname="com.softserveinc.edu.oms.persistence.dao.UserDaoTest" name="testContextFile" time="0.117"/>
</testsuite>