<?xml version="1.0" encoding="UTF-8" ?>
<testsuite tests="11" failures="0" name="com.softserveinc.edu.oms.persistence.dao.CustomerTypeDaoTest" time="6.044" errors="0" skipped="0">
  <properties>
[...]
</properties>
  <testcase classname="com.softserveinc.edu.oms.persistence.dao.CustomerTypeDaoTest" name="testInsertOrUpdate" time="0.172"/>
  <testcase classname="com.softserveinc.edu.oms.persistence.dao.CustomerTypeDaoTest" name="testFindAll" time="0.316"/>
  <testcase classname="com.softserveinc.edu.oms.persistence.dao.CustomerTypeDaoTest" name="testFindByID" time="3.985"/>
  <testcase classname="com.softserveinc.edu.oms.persistence.dao.CustomerTypeDaoTest" name="testDelete" time="0.45"/>
  <testcase classname="com.softserveinc.edu.oms.persistence.dao.CustomerTypeDaoTest" name="testFindByCriterions" time="0.166"/>
  <testcase classname="com.softserveinc.edu.oms.persistence.dao.CustomerTypeDaoTest" name="testFindByOneOfCriterions" time="0.225"/>
  <testcase classname="com.softserveinc.edu.oms.persistence.dao.CustomerTypeDaoTest" name="testGetStandartTypeDiscount" time="0.167"/>
  <testcase classname="com.softserveinc.edu.oms.persistence.dao.CustomerTypeDaoTest" name="testGetSilverTypeDiscount" time="0.167"/>
  <testcase classname="com.softserveinc.edu.oms.persistence.dao.CustomerTypeDaoTest" name="testGetGoldTypeDiscount" time="0.133"/>
  <testcase classname="com.softserveinc.edu.oms.persistence.dao.CustomerTypeDaoTest" name="testGetPlatinumTypeDiscount" time="0.13"/>
  <testcase classname="com.softserveinc.edu.oms.persistence.dao.CustomerTypeDaoTest" name="testContextFile" time="0.133"/>
</testsuite>